mode: set
/Users/athughlett/Documents/advent/2019/day3/main.go:13.21,14.11 1 1
/Users/athughlett/Documents/advent/2019/day3/main.go:17.2,17.10 1 1
/Users/athughlett/Documents/advent/2019/day3/main.go:14.11,16.3 1 1
/Users/athughlett/Documents/advent/2019/day3/main.go:35.46,37.2 1 1
/Users/athughlett/Documents/advent/2019/day3/main.go:47.53,50.34 2 1
/Users/athughlett/Documents/advent/2019/day3/main.go:62.2,62.18 1 1
/Users/athughlett/Documents/advent/2019/day3/main.go:50.34,51.36 1 1
/Users/athughlett/Documents/advent/2019/day3/main.go:51.36,52.52 1 1
/Users/athughlett/Documents/advent/2019/day3/main.go:52.52,58.5 2 1
/Users/athughlett/Documents/advent/2019/day3/main.go:66.31,73.24 4 1
/Users/athughlett/Documents/advent/2019/day3/main.go:110.2,110.10 1 1
/Users/athughlett/Documents/advent/2019/day3/main.go:73.24,74.24 1 1
/Users/athughlett/Documents/advent/2019/day3/main.go:75.12,76.46 1 1
/Users/athughlett/Documents/advent/2019/day3/main.go:82.4,82.22 1 1
/Users/athughlett/Documents/advent/2019/day3/main.go:83.12,84.46 1 1
/Users/athughlett/Documents/advent/2019/day3/main.go:90.4,90.22 1 1
/Users/athughlett/Documents/advent/2019/day3/main.go:91.12,92.46 1 1
/Users/athughlett/Documents/advent/2019/day3/main.go:98.4,98.22 1 1
/Users/athughlett/Documents/advent/2019/day3/main.go:99.12,100.46 1 1
/Users/athughlett/Documents/advent/2019/day3/main.go:106.4,106.22 1 1
/Users/athughlett/Documents/advent/2019/day3/main.go:76.46,81.5 2 1
/Users/athughlett/Documents/advent/2019/day3/main.go:84.46,89.5 2 1
/Users/athughlett/Documents/advent/2019/day3/main.go:92.46,97.5 2 1
/Users/athughlett/Documents/advent/2019/day3/main.go:100.46,105.5 2 1
/Users/athughlett/Documents/advent/2019/day3/main.go:121.33,132.16 6 1
/Users/athughlett/Documents/advent/2019/day3/main.go:135.2,137.10 2 1
/Users/athughlett/Documents/advent/2019/day3/main.go:132.16,133.23 1 0
/Users/athughlett/Documents/advent/2019/day3/main.go:142.41,145.25 2 1
/Users/athughlett/Documents/advent/2019/day3/main.go:149.2,149.18 1 1
/Users/athughlett/Documents/advent/2019/day3/main.go:145.25,147.3 1 1
/Users/athughlett/Documents/advent/2019/day3/main.go:154.53,157.38 3 1
/Users/athughlett/Documents/advent/2019/day3/main.go:164.2,164.10 1 1
/Users/athughlett/Documents/advent/2019/day3/main.go:157.38,159.12 2 1
/Users/athughlett/Documents/advent/2019/day3/main.go:159.12,161.4 1 1
/Users/athughlett/Documents/advent/2019/day3/main.go:169.52,171.38 2 1
/Users/athughlett/Documents/advent/2019/day3/main.go:177.2,177.10 1 1
/Users/athughlett/Documents/advent/2019/day3/main.go:171.38,172.22 1 1
/Users/athughlett/Documents/advent/2019/day3/main.go:172.22,174.4 1 1
/Users/athughlett/Documents/advent/2019/day3/main.go:180.13,183.16 3 0
/Users/athughlett/Documents/advent/2019/day3/main.go:186.2,189.21 3 0
/Users/athughlett/Documents/advent/2019/day3/main.go:198.2,198.38 1 0
/Users/athughlett/Documents/advent/2019/day3/main.go:202.2,210.54 7 0
/Users/athughlett/Documents/advent/2019/day3/main.go:183.16,185.3 1 0
/Users/athughlett/Documents/advent/2019/day3/main.go:189.21,192.28 3 0
/Users/athughlett/Documents/advent/2019/day3/main.go:195.3,195.24 1 0
/Users/athughlett/Documents/advent/2019/day3/main.go:192.28,194.4 1 0
/Users/athughlett/Documents/advent/2019/day3/main.go:198.38,200.3 1 0
